
[2026-07-19 00:53:09] Resuming: 32 pending
[1/32] Generating swan ... attempt 1
[1/32] swan saved (14821 bytes)
[2/32] Generating swallow ... attempt 1
[2/32] swallow saved (15685 bytes)
[3/32] Generating hedgehog ... attempt 1
[3/32] hedgehog saved (24124 bytes)
[4/32] Generating squirrel ... attempt 1
[4/32] squirrel saved (22421 bytes)
[5/32] Generating fox ... attempt 1
[5/32] fox saved (21425 bytes)
[6/32] Generating wolf ... attempt 1
[6/32] wolf saved (20347 bytes)
[7/32] Generating leopard ... attempt 1
[7/32] leopard saved (27620 bytes)
[8/32] Generating camel ... attempt 1
[8/32] camel saved (18377 bytes)
[9/32] Generating spider ... attempt 1
[9/32] spider saved (23049 bytes)
[10/32] Generating earthworm ... attempt 1
[10/32] earthworm saved (16703 bytes)
[11/32] Generating firefly ... attempt 1
[11/32] firefly saved (18480 bytes)
[12/32] Generating moth ... attempt 1
[12/32] moth saved (18004 bytes)
[13/32] Generating mantis ... attempt 1
[13/32] mantis saved (18494 bytes)
[14/32] Generating cicada ... attempt 1
[14/32] cicada saved (20473 bytes)
[15/32] Generating grasshopper ... attempt 1
[15/32] grasshopper saved (20078 bytes)
[16/32] Generating scorpion ... attempt 1
[16/32] scorpion saved (19150 bytes)
[17/32] Generating centipede ... attempt 1
[17/32] centipede saved (19892 bytes)
[18/32] Generating seahorse ... attempt 1
[18/32] seahorse saved (16750 bytes)
[19/32] Generating jellyfish ... attempt 1
[19/32] jellyfish saved (20162 bytes)
[20/32] Generating seashell ... attempt 1
[20/32] seashell saved (13500 bytes)
[21/32] Generating lobster ... attempt 1
[21/32] lobster saved (23713 bytes)
[22/32] Generating sea_urchin ... attempt 1
[22/32] sea_urchin saved (16369 bytes)
[23/32] Generating sea_cucumber ... attempt 1
[23/32] sea_cucumber saved (13135 bytes)
[24/32] Generating anemone ... attempt 1
[24/32] anemone saved (15697 bytes)
[25/32] Generating eel ... attempt 1
[25/32] eel saved (15255 bytes)
[26/32] Generating bat ... attempt 1
[26/32] bat saved (20779 bytes)
[27/32] Generating crow ... attempt 1
[27/32] crow saved (21100 bytes)
[28/32] Generating parrot ... attempt 1
[28/32] parrot saved (21143 bytes)
[29/32] Generating eagle ... attempt 1
[29/32] eagle saved (21439 bytes)
[30/32] Generating pigeon ... attempt 1
[30/32] pigeon saved (15214 bytes)
[31/32] Generating woodpecker ... attempt 1
[31/32] woodpecker saved (22120 bytes)
[32/32] Generating chameleon ... attempt 1
[32/32] chameleon saved (20860 bytes)

Final: 80 files, missing: 0
[2026-07-19 01:16:09] Done
